Determining if the pthread_create exist failed with the following output:
Change Dir: /home/younes/git_tt/ratrobot/build/CMakeFiles/CMakeTmp

Run Build Command:"/usr/bin/make" "cmTC_eab77/fast"
/usr/bin/make -f CMakeFiles/cmTC_eab77.dir/build.make CMakeFiles/cmTC_eab77.dir/build
make[1] : on entre dans le répertoire « /home/younes/git_tt/ratrobot/build/CMakeFiles/CMakeTmp »
Building C object CMakeFiles/cmTC_eab77.dir/CheckSymbolExists.c.o
/usr/bin/cc     -o CMakeFiles/cmTC_eab77.dir/CheckSymbolExists.c.o   -c /home/younes/git_tt/ratrobot/build/CMakeFiles/CMakeTmp/CheckSymbolExists.c
Linking C executable cmTC_eab77
/usr/bin/cmake -E cmake_link_script CMakeFiles/cmTC_eab77.dir/link.txt --verbose=1
/usr/bin/cc       CMakeFiles/cmTC_eab77.dir/CheckSymbolExists.c.o  -o cmTC_eab77 -rdynamic 
CMakeFiles/cmTC_eab77.dir/CheckSymbolExists.c.o: dans la fonction « main »:
CheckSymbolExists.c:(.text+0x16): référence indéfinie vers « pthread_create »
collect2: error: ld returned 1 exit status
CMakeFiles/cmTC_eab77.dir/build.make:97 : la recette pour la cible « cmTC_eab77 » a échouée
make[1]: *** [cmTC_eab77] Erreur 1
make[1] : on quitte le répertoire « /home/younes/git_tt/ratrobot/build/CMakeFiles/CMakeTmp »
Makefile:126 : la recette pour la cible « cmTC_eab77/fast » a échouée
make: *** [cmTC_eab77/fast] Erreur 2

File /home/younes/git_tt/ratrobot/build/CMakeFiles/CMakeTmp/CheckSymbolExists.c:
/* */
#include <pthread.h>

int main(int argc, char** argv)
{
  (void)argv;
#ifndef pthread_create
  return ((int*)(&pthread_create))[argc];
#else
  (void)argc;
  return 0;
#endif
}

Determining if the function pthread_create exists in the pthreads failed with the following output:
Change Dir: /home/younes/git_tt/ratrobot/build/CMakeFiles/CMakeTmp

Run Build Command:"/usr/bin/make" "cmTC_39d34/fast"
/usr/bin/make -f CMakeFiles/cmTC_39d34.dir/build.make CMakeFiles/cmTC_39d34.dir/build
make[1] : on entre dans le répertoire « /home/younes/git_tt/ratrobot/build/CMakeFiles/CMakeTmp »
Building C object CMakeFiles/cmTC_39d34.dir/CheckFunctionExists.c.o
/usr/bin/cc    -DCHECK_FUNCTION_EXISTS=pthread_create   -o CMakeFiles/cmTC_39d34.dir/CheckFunctionExists.c.o   -c /usr/share/cmake-3.5/Modules/CheckFunctionExists.c
Linking C executable cmTC_39d34
/usr/bin/cmake -E cmake_link_script CMakeFiles/cmTC_39d34.dir/link.txt --verbose=1
/usr/bin/cc   -DCHECK_FUNCTION_EXISTS=pthread_create    CMakeFiles/cmTC_39d34.dir/CheckFunctionExists.c.o  -o cmTC_39d34 -rdynamic -lpthreads 
/usr/bin/ld : ne peut trouver -lpthreads
collect2: error: ld returned 1 exit status
CMakeFiles/cmTC_39d34.dir/build.make:97 : la recette pour la cible « cmTC_39d34 » a échouée
make[1]: *** [cmTC_39d34] Erreur 1
make[1] : on quitte le répertoire « /home/younes/git_tt/ratrobot/build/CMakeFiles/CMakeTmp »
Makefile:126 : la recette pour la cible « cmTC_39d34/fast » a échouée
make: *** [cmTC_39d34/fast] Erreur 2


